Using pre-set license
Built from '2020.3/staging' branch; Version is '2020.3.23f1 (c5d91304a876) revision 12966163'; Using compiler version '192528614'; Build Type 'Release'
OS: 'Windows 10 Education; OS build 18363.1916; Version 1909; 64bit' Language: 'ko' Physical Memory: 7986 MB
BatchMode: 1, IsHumanControllingUs: 0, StartBugReporterOnCrash: 0, Is64bit: 1, IsPro: 0

COMMAND LINE ARGUMENTS:
C:\Program Files\Unity\Hub\Editor\2020.3.23f1\Editor\Unity.exe
-adb2
-batchMode
-noUpm
-name
AssetImportWorker0
-projectPath
C:/Users/TAEKHYUN/Desktop/Git_hub/Unity3D/Survival_Game
-logFile
Logs/AssetImportWorker0.log
-srvPort
6423
Successfully changed project path to: C:/Users/TAEKHYUN/Desktop/Git_hub/Unity3D/Survival_Game
C:/Users/TAEKHYUN/Desktop/Git_hub/Unity3D/Survival_Game
Using Asset Import Pipeline V2.
Refreshing native plugins compatible for Editor in 89.49 ms, found 2 plugins.
Preloading 0 native plugins for Editor in 0.00 ms.
Initialize engine version: 2020.3.23f1 (c5d91304a876)
[Subsystems] Discovering subsystems at path C:/Program Files/Unity/Hub/Editor/2020.3.23f1/Editor/Data/Resources/UnitySubsystems
[Subsystems] Discovering subsystems at path C:/Users/TAEKHYUN/Desktop/Git_hub/Unity3D/Survival_Game/Assets
GfxDevice: creating device client; threaded=0
Direct3D:
    Version:  Direct3D 11.0 [level 11.1]
    Renderer: Intel(R) UHD Graphics 620 (ID=0x3ea0)
    Vendor:   
    VRAM:     3993 MB
    Driver:   27.20.100.8935
Initialize mono
Mono path[0] = 'C:/Program Files/Unity/Hub/Editor/2020.3.23f1/Editor/Data/Managed'
Mono path[1] = 'C:/Program Files/Unity/Hub/Editor/2020.3.23f1/Editor/Data/MonoBleedingEdge/lib/mono/unityjit'
Mono config path = 'C:/Program Files/Unity/Hub/Editor/2020.3.23f1/Editor/Data/MonoBleedingEdge/etc'
Using monoOptions --debugger-agent=transport=dt_socket,embedding=1,server=y,suspend=n,address=127.0.0.1:56464
Begin MonoManager ReloadAssembly
Registering precompiled unity dll's ...
Register platform support module: C:/Program Files/Unity/Hub/Editor/2020.3.23f1/Editor/Data/PlaybackEngines/WindowsStandaloneSupport/UnityEditor.WindowsStandalone.Extensions.dll
Registered in 0.008485 seconds.
Native extension for WindowsStandalone target not found
Refreshing native plugins compatible for Editor in 39.17 ms, found 2 plugins.
Preloading 0 native plugins for Editor in 0.00 ms.
Mono: successfully reloaded assembly
- Completed reload, in  0.946 seconds
Domain Reload Profiling:
	ReloadAssembly (947ms)
		BeginReloadAssembly (141ms)
			ExecutionOrderSort (0ms)
			DisableScriptedObjects (0ms)
			BackupInstance (0ms)
			ReleaseScriptingObjects (0ms)
			CreateAndSetChildDomain (1ms)
		EndReloadAssembly (649ms)
			LoadAssemblies (136ms)
			RebuildTransferFunctionScriptingTraits (0ms)
			SetupTypeCache (243ms)
			ReleaseScriptCaches (0ms)
			RebuildScriptCaches (49ms)
			SetupLoadedEditorAssemblies (196ms)
				LogAssemblyErrors (0ms)
				InitializePlatformSupportModulesInManaged (8ms)
				SetLoadedEditorAssemblies (0ms)
				RefreshPlugins (39ms)
				BeforeProcessingInitializeOnLoad (14ms)
				ProcessInitializeOnLoadAttributes (99ms)
				ProcessInitializeOnLoadMethodAttributes (35ms)
				AfterProcessingInitializeOnLoad (0ms)
				EditorAssembliesLoaded (0ms)
			ExecutionOrderSort2 (0ms)
			AwakeInstancesAfterBackupRestoration (0ms)
Platform modules already initialized, skipping
Registering precompiled user dll's ...
Registered in 0.030336 seconds.
Begin MonoManager ReloadAssembly
Native extension for WindowsStandalone target not found
Refreshing native plugins compatible for Editor in 0.43 ms, found 2 plugins.
Preloading 0 native plugins for Editor in 0.00 ms.
Mono: successfully reloaded assembly
- Completed reload, in  2.339 seconds
Domain Reload Profiling:
	ReloadAssembly (2344ms)
		BeginReloadAssembly (480ms)
			ExecutionOrderSort (0ms)
			DisableScriptedObjects (9ms)
			BackupInstance (0ms)
			ReleaseScriptingObjects (0ms)
			CreateAndSetChildDomain (61ms)
		EndReloadAssembly (1708ms)
			LoadAssemblies (318ms)
			RebuildTransferFunctionScriptingTraits (0ms)
			SetupTypeCache (587ms)
			ReleaseScriptCaches (0ms)
			RebuildScriptCaches (80ms)
			SetupLoadedEditorAssemblies (609ms)
				LogAssemblyErrors (0ms)
				InitializePlatformSupportModulesInManaged (11ms)
				SetLoadedEditorAssemblies (1ms)
				RefreshPlugins (1ms)
				BeforeProcessingInitializeOnLoad (164ms)
				ProcessInitializeOnLoadAttributes (368ms)
				ProcessInitializeOnLoadMethodAttributes (31ms)
				AfterProcessingInitializeOnLoad (33ms)
				EditorAssembliesLoaded (1ms)
			ExecutionOrderSort2 (0ms)
			AwakeInstancesAfterBackupRestoration (15ms)
Platform modules already initialized, skipping
========================================================================
Worker process is ready to serve import requests
Launched and connected shader compiler UnityShaderCompiler.exe after 0.18 seconds
Refreshing native plugins compatible for Editor in 0.42 ms, found 2 plugins.
Preloading 0 native plugins for Editor in 0.00 ms.
Unloading 1500 Unused Serialized files (Serialized files now loaded: 0)
System memory in use before: 84.2 MB.
System memory in use after: 84.3 MB.

Unloading 18 unused Assets to reduce memory usage. Loaded Objects now: 1953.
Total: 5.596900 ms (FindLiveObjects: 0.219300 ms CreateObjectMapping: 0.080600 ms MarkObjects: 5.245400 ms  DeleteObjects: 0.046500 ms)

AssetImportParameters requested are different than current active one (requested -> active):
  custom:framework-win-MediaFoundation: 216162199b28c13a410421893ffa2e32 -> 
  custom:video-decoder-ogg-theora: a1e56fd34408186e4bbccfd4996cb3dc -> 
  custom:container-muxer-webm: aa71ff27fc2769a1b78a27578f13a17b -> 
  custom:container-demuxer-webm: 4f35f7cbe854078d1ac9338744f61a02 -> 
  custom:container-demuxer-ogg: 62fdf1f143b41e24485cea50d1cbac27 -> 
  custom:video-encoder-webm-vp8: eb34c28f22e8b96e1ab97ce403110664 -> 
  custom:video-decoder-webm-vp8: 9c59270c3fd7afecdb556c50c9e8de78 -> 
  custom:audio-decoder-ogg-vorbis: bf7c407c2cedff20999df2af8eb42d56 -> 
  custom:audio-encoder-webm-vorbis: bf7c407c2cedff20999df2af8eb42d56 -> 
========================================================================
Received Import Request.
  path: Assets/Image/UI/Archemy Table/Archemy_Button.png
  artifactKey: Guid(1c2a93deee8dd024f869c73e89d3e568) Importer(815301076,1909f56bfc062723c751e8b465ee728b)
Start importing Assets/Image/UI/Archemy Table/Archemy_Button.png using Guid(1c2a93deee8dd024f869c73e89d3e568) Importer(815301076,1909f56bfc062723c751e8b465ee728b)  -> (artifact id: 'e01b19d90d11d39ebbb63d8c64a92dd2') in 0.335450 seconds 
  Import took 0.340346 seconds .

========================================================================
Received Import Request.
  Time since last request: 0.000421 seconds.
  path: Assets/Image/UI/BasicSurvivalKitComputer/BasicSurvivalKitComputer_UI_CircleSlot.png
  artifactKey: Guid(c88f8f94f0ce0a64dabd1a57f72fb272) Importer(815301076,1909f56bfc062723c751e8b465ee728b)
Start importing Assets/Image/UI/BasicSurvivalKitComputer/BasicSurvivalKitComputer_UI_CircleSlot.png using Guid(c88f8f94f0ce0a64dabd1a57f72fb272) Importer(815301076,1909f56bfc062723c751e8b465ee728b)  -> (artifact id: 'de4b260a644bc366ebdb5f426e69ce8a') in 0.057140 seconds 
  Import took 0.062339 seconds .

========================================================================
Received Import Request.
  Time since last request: 0.000397 seconds.
  path: Assets/Image/UI/BasicSurvivalKitComputer/BasicSurvivalKitComputer_UI_CircleSlot_0_ArchemyTable.png
  artifactKey: Guid(16d47c0283dcadc458d253dcf9f31e79) Importer(815301076,1909f56bfc062723c751e8b465ee728b)
Start importing Assets/Image/UI/BasicSurvivalKitComputer/BasicSurvivalKitComputer_UI_CircleSlot_0_ArchemyTable.png using Guid(16d47c0283dcadc458d253dcf9f31e79) Importer(815301076,1909f56bfc062723c751e8b465ee728b)  -> (artifact id: 'bdfdcf1acb2e8330613e7a4cfa613606') in 0.089352 seconds 
  Import took 0.097778 seconds .

========================================================================
Received Import Request.
  Time since last request: 0.000650 seconds.
  path: Assets/Textures/Arechemy Box.png
  artifactKey: Guid(86d1d65a0befc26469c7244da8802bc7) Importer(815301076,1909f56bfc062723c751e8b465ee728b)
Start importing Assets/Textures/Arechemy Box.png using Guid(86d1d65a0befc26469c7244da8802bc7) Importer(815301076,1909f56bfc062723c751e8b465ee728b)  -> (artifact id: '99f34e15b3e683b73a86ebd86aeb20d9') in 0.080683 seconds 
  Import took 0.092857 seconds .

========================================================================
Received Import Request.
  Time since last request: 0.002204 seconds.
  path: Assets/Image/UI/Craft_Manual/Craft_Manual_Base_Arrow.png
  artifactKey: Guid(5ac631b73dbdbaa4a94ccf868e8d8959) Importer(815301076,1909f56bfc062723c751e8b465ee728b)
Start importing Assets/Image/UI/Craft_Manual/Craft_Manual_Base_Arrow.png using Guid(5ac631b73dbdbaa4a94ccf868e8d8959) Importer(815301076,1909f56bfc062723c751e8b465ee728b)  -> (artifact id: '037bc98a55a15fa07cf52f33333de46d') in 0.087378 seconds 
  Import took 0.106012 seconds .

========================================================================
Received Import Request.
  Time since last request: 0.001209 seconds.
  path: Assets/Image/UI/Archemy Table/Archemy_Base_Arrow.png
  artifactKey: Guid(bf0c2fd4a10ee27479bf39849bfa8292) Importer(815301076,1909f56bfc062723c751e8b465ee728b)
Start importing Assets/Image/UI/Archemy Table/Archemy_Base_Arrow.png using Guid(bf0c2fd4a10ee27479bf39849bfa8292) Importer(815301076,1909f56bfc062723c751e8b465ee728b)  -> (artifact id: '8648b26927f0efe60894c5a5f7a798b7') in 0.093053 seconds 
  Import took 0.107922 seconds .

========================================================================
Received Import Request.
  Time since last request: 0.000638 seconds.
  path: Assets/Image/UI/Archemy Table/Archemy_Base_UI.png
  artifactKey: Guid(fe4b4e108dab9d44b99cb62cecebab87) Importer(815301076,1909f56bfc062723c751e8b465ee728b)
Start importing Assets/Image/UI/Archemy Table/Archemy_Base_UI.png using Guid(fe4b4e108dab9d44b99cb62cecebab87) Importer(815301076,1909f56bfc062723c751e8b465ee728b)  -> (artifact id: '169d4f5b9445afbccf8ec037d3e1d1f6') in 0.087827 seconds 
  Import took 0.111546 seconds .

========================================================================
Received Import Request.
  Time since last request: 0.001955 seconds.
  path: Assets/Image/UI/BasicSurvivalKitComputer/BasicSurvivalKitComputer_UI_ToolTip.png
  artifactKey: Guid(6e2020df512f2464cbf3a68aa95a1e69) Importer(815301076,1909f56bfc062723c751e8b465ee728b)
Start importing Assets/Image/UI/BasicSurvivalKitComputer/BasicSurvivalKitComputer_UI_ToolTip.png using Guid(6e2020df512f2464cbf3a68aa95a1e69) Importer(815301076,1909f56bfc062723c751e8b465ee728b)  -> (artifact id: '933aceb6a5b4bfc640bc406dd092ffbe') in 0.104439 seconds 
  Import took 0.120546 seconds .

========================================================================
Received Import Request.
  Time since last request: 0.003029 seconds.
  path: Assets/Image/UI/BasicSurvivalKitComputer/BasicSurvivalKitComputer_UI_Base.png
  artifactKey: Guid(d5646b850e3b80243a93ad250ef5e1b6) Importer(815301076,1909f56bfc062723c751e8b465ee728b)
Start importing Assets/Image/UI/BasicSurvivalKitComputer/BasicSurvivalKitComputer_UI_Base.png using Guid(d5646b850e3b80243a93ad250ef5e1b6) Importer(815301076,1909f56bfc062723c751e8b465ee728b)  -> (artifact id: '3aff58b2210907fdd65948df61454e2e') in 0.110257 seconds 
  Import took 0.122130 seconds .

========================================================================
Received Import Request.
  Time since last request: 0.000345 seconds.
  path: Assets/Image/UI/Craft_Manual/Craft_Manual_Base_Slot.png
  artifactKey: Guid(5e66f5baae5cf9b4d838b871b030339e) Importer(815301076,1909f56bfc062723c751e8b465ee728b)
Start importing Assets/Image/UI/Craft_Manual/Craft_Manual_Base_Slot.png using Guid(5e66f5baae5cf9b4d838b871b030339e) Importer(815301076,1909f56bfc062723c751e8b465ee728b)  -> (artifact id: '871966a8ef3ec8812e2e7c377f52ac54') in 0.224437 seconds 
  Import took 0.231395 seconds .

========================================================================
Received Import Request.
  Time since last request: 42.212012 seconds.
  path: Assets/Textures
  artifactKey: Guid(b1f11cab01d955c4195451690e56c719) Importer(815301076,1909f56bfc062723c751e8b465ee728b)
Start importing Assets/Textures using Guid(b1f11cab01d955c4195451690e56c719) Importer(815301076,1909f56bfc062723c751e8b465ee728b)  -> (artifact id: 'b169791e27fed340476075fbb2fa45d8') in 0.011933 seconds 
  Import took 0.019703 seconds .

========================================================================
Received Import Request.
  Time since last request: 1.166806 seconds.
  path: Assets/Textures/Dark_Green_Texture.png
  artifactKey: Guid(c039a0eed9b5f964298eaa3661082776) Importer(815301076,1909f56bfc062723c751e8b465ee728b)
Start importing Assets/Textures/Dark_Green_Texture.png using Guid(c039a0eed9b5f964298eaa3661082776) Importer(815301076,1909f56bfc062723c751e8b465ee728b)  -> (artifact id: '138a7bcc423e378bd8658f27cb114a58') in 0.022750 seconds 
  Import took 0.026843 seconds .

========================================================================
Received Import Request.
  Time since last request: 4.785985 seconds.
  path: Assets/Textures/Deep_Green_Texture.png
  artifactKey: Guid(705ce81180e54994aa84312fa5502a4d) Importer(815301076,1909f56bfc062723c751e8b465ee728b)
Start importing Assets/Textures/Deep_Green_Texture.png using Guid(705ce81180e54994aa84312fa5502a4d) Importer(815301076,1909f56bfc062723c751e8b465ee728b)  -> (artifact id: '04f351216dba270ef6e139c1608aaa52') in 0.031936 seconds 
  Import took 0.036753 seconds .

========================================================================
Received Import Request.
  Time since last request: 8.981901 seconds.
  path: Assets/New Terrain 1.asset
  artifactKey: Guid(8ca784fefea3d614e9d7220a126e1461) Importer(815301076,1909f56bfc062723c751e8b465ee728b)
Start importing Assets/New Terrain 1.asset using Guid(8ca784fefea3d614e9d7220a126e1461) Importer(815301076,1909f56bfc062723c751e8b465ee728b)  -> (artifact id: '01e537452dd89bf6a5b34310f1c42071') in 0.039270 seconds 
  Import took 0.045033 seconds .

========================================================================
Received Import Request.
  Time since last request: 10.602412 seconds.
  path: Assets/New Terrain.asset
  artifactKey: Guid(25cc103e96a551f4f8a687a067d97952) Importer(815301076,1909f56bfc062723c751e8b465ee728b)
Start importing Assets/New Terrain.asset using Guid(25cc103e96a551f4f8a687a067d97952) Importer(815301076,1909f56bfc062723c751e8b465ee728b)  -> (artifact id: 'dfabc5d3dc59dfec2063c454d54463e0') in 0.031072 seconds 
  Import took 0.038795 seconds .

========================================================================
Received Import Request.
  Time since last request: 61.997996 seconds.
  path: Assets/NewTerrain.cs
  artifactKey: Guid(74b22a9e2a2ead149a78097642a5e7a5) Importer(815301076,1909f56bfc062723c751e8b465ee728b)
Start importing Assets/NewTerrain.cs using Guid(74b22a9e2a2ead149a78097642a5e7a5) Importer(815301076,1909f56bfc062723c751e8b465ee728b)  -> (artifact id: 'a9772a7f1db908d4d6792227be11fa76') in 0.067990 seconds 
  Import took 0.075351 seconds .

========================================================================
Received Prepare
Registering precompiled user dll's ...
Registered in 0.027345 seconds.
Begin MonoManager ReloadAssembly
Native extension for WindowsStandalone target not found
Refreshing native plugins compatible for Editor in 0.58 ms, found 2 plugins.
Preloading 0 native plugins for Editor in 0.00 ms.
Mono: successfully reloaded assembly
- Completed reload, in  1.904 seconds
Domain Reload Profiling:
	ReloadAssembly (1904ms)
		BeginReloadAssembly (236ms)
			ExecutionOrderSort (0ms)
			DisableScriptedObjects (8ms)
			BackupInstance (0ms)
			ReleaseScriptingObjects (0ms)
			CreateAndSetChildDomain (47ms)
		EndReloadAssembly (1528ms)
			LoadAssemblies (238ms)
			RebuildTransferFunctionScriptingTraits (0ms)
			SetupTypeCache (548ms)
			ReleaseScriptCaches (1ms)
			RebuildScriptCaches (56ms)
			SetupLoadedEditorAssemblies (610ms)
				LogAssemblyErrors (0ms)
				InitializePlatformSupportModulesInManaged (8ms)
				SetLoadedEditorAssemblies (1ms)
				RefreshPlugins (1ms)
				BeforeProcessingInitializeOnLoad (184ms)
				ProcessInitializeOnLoadAttributes (357ms)
				ProcessInitializeOnLoadMethodAttributes (27ms)
				AfterProcessingInitializeOnLoad (32ms)
				EditorAssembliesLoaded (0ms)
			ExecutionOrderSort2 (0ms)
			AwakeInstancesAfterBackupRestoration (13ms)
Platform modules already initialized, skipping
Refreshing native plugins compatible for Editor in 0.53 ms, found 2 plugins.
Preloading 0 native plugins for Editor in 0.00 ms.
Unloading 1494 Unused Serialized files (Serialized files now loaded: 0)
System memory in use before: 84.0 MB.
System memory in use after: 84.1 MB.

Unloading 14 unused Assets to reduce memory usage. Loaded Objects now: 1961.
Total: 3.247400 ms (FindLiveObjects: 0.190100 ms CreateObjectMapping: 0.056000 ms MarkObjects: 2.943400 ms  DeleteObjects: 0.056700 ms)

AssetImportParameters requested are different than current active one (requested -> active):
  custom:framework-win-MediaFoundation: 216162199b28c13a410421893ffa2e32 -> 
  custom:video-decoder-ogg-theora: a1e56fd34408186e4bbccfd4996cb3dc -> 
  custom:container-muxer-webm: aa71ff27fc2769a1b78a27578f13a17b -> 
  custom:container-demuxer-webm: 4f35f7cbe854078d1ac9338744f61a02 -> 
  custom:container-demuxer-ogg: 62fdf1f143b41e24485cea50d1cbac27 -> 
  custom:video-encoder-webm-vp8: eb34c28f22e8b96e1ab97ce403110664 -> 
  custom:video-decoder-webm-vp8: 9c59270c3fd7afecdb556c50c9e8de78 -> 
  custom:audio-decoder-ogg-vorbis: bf7c407c2cedff20999df2af8eb42d56 -> 
  custom:audio-encoder-webm-vorbis: bf7c407c2cedff20999df2af8eb42d56 -> 
========================================================================
Received Prepare
Registering precompiled user dll's ...
Registered in 0.026468 seconds.
Begin MonoManager ReloadAssembly
Native extension for WindowsStandalone target not found
Refreshing native plugins compatible for Editor in 0.71 ms, found 2 plugins.
Preloading 0 native plugins for Editor in 0.00 ms.
Mono: successfully reloaded assembly
- Completed reload, in  1.535 seconds
Domain Reload Profiling:
	ReloadAssembly (1536ms)
		BeginReloadAssembly (199ms)
			ExecutionOrderSort (0ms)
			DisableScriptedObjects (6ms)
			BackupInstance (0ms)
			ReleaseScriptingObjects (0ms)
			CreateAndSetChildDomain (45ms)
		EndReloadAssembly (1243ms)
			LoadAssemblies (178ms)
			RebuildTransferFunctionScriptingTraits (0ms)
			SetupTypeCache (402ms)
			ReleaseScriptCaches (1ms)
			RebuildScriptCaches (44ms)
			SetupLoadedEditorAssemblies (515ms)
				LogAssemblyErrors (0ms)
				InitializePlatformSupportModulesInManaged (6ms)
				SetLoadedEditorAssemblies (1ms)
				RefreshPlugins (1ms)
				BeforeProcessingInitializeOnLoad (153ms)
				ProcessInitializeOnLoadAttributes (305ms)
				ProcessInitializeOnLoadMethodAttributes (18ms)
				AfterProcessingInitializeOnLoad (32ms)
				EditorAssembliesLoaded (0ms)
			ExecutionOrderSort2 (0ms)
			AwakeInstancesAfterBackupRestoration (11ms)
Platform modules already initialized, skipping
Refreshing native plugins compatible for Editor in 0.40 ms, found 2 plugins.
Preloading 0 native plugins for Editor in 0.00 ms.
Unloading 1493 Unused Serialized files (Serialized files now loaded: 0)
System memory in use before: 84.1 MB.
System memory in use after: 84.2 MB.

Unloading 15 unused Assets to reduce memory usage. Loaded Objects now: 1962.
Total: 4.644800 ms (FindLiveObjects: 0.170100 ms CreateObjectMapping: 0.073600 ms MarkObjects: 4.325100 ms  DeleteObjects: 0.074600 ms)

AssetImportParameters requested are different than current active one (requested -> active):
  custom:framework-win-MediaFoundation: 216162199b28c13a410421893ffa2e32 -> 
  custom:video-decoder-ogg-theora: a1e56fd34408186e4bbccfd4996cb3dc -> 
  custom:container-muxer-webm: aa71ff27fc2769a1b78a27578f13a17b -> 
  custom:container-demuxer-webm: 4f35f7cbe854078d1ac9338744f61a02 -> 
  custom:container-demuxer-ogg: 62fdf1f143b41e24485cea50d1cbac27 -> 
  custom:video-encoder-webm-vp8: eb34c28f22e8b96e1ab97ce403110664 -> 
  custom:video-decoder-webm-vp8: 9c59270c3fd7afecdb556c50c9e8de78 -> 
  custom:audio-decoder-ogg-vorbis: bf7c407c2cedff20999df2af8eb42d56 -> 
  custom:audio-encoder-webm-vorbis: bf7c407c2cedff20999df2af8eb42d56 -> 
========================================================================
Received Import Request.
  Time since last request: 489.338468 seconds.
  path: Assets/Textures/Rock_texture.png
  artifactKey: Guid(707f803abe5259e4c9c524b1d5ca9c00) Importer(815301076,1909f56bfc062723c751e8b465ee728b)
Start importing Assets/Textures/Rock_texture.png using Guid(707f803abe5259e4c9c524b1d5ca9c00) Importer(815301076,1909f56bfc062723c751e8b465ee728b)  -> (artifact id: 'a7b9059a6d185fa641b21205133a8616') in 0.093784 seconds 
  Import took 0.100407 seconds .

========================================================================
Received Import Request.
  Time since last request: 253.247750 seconds.
  path: Assets/Textures/Sand_Texture.png
  artifactKey: Guid(d4e02217db557af44930b879f503b257) Importer(815301076,1909f56bfc062723c751e8b465ee728b)
Start importing Assets/Textures/Sand_Texture.png using Guid(d4e02217db557af44930b879f503b257) Importer(815301076,1909f56bfc062723c751e8b465ee728b)  -> (artifact id: '9ee6db22bd130e5ac14e86af43ff34bd') in 0.030537 seconds 
  Import took 0.037276 seconds .

========================================================================
Received Import Request.
  Time since last request: 208.558425 seconds.
  path: Assets/Tree_Textures/diffuse.png
  artifactKey: Guid(0ac4de54bf7b7a3448f2de8aab850202) Importer(815301076,1909f56bfc062723c751e8b465ee728b)
Start importing Assets/Tree_Textures/diffuse.png using Guid(0ac4de54bf7b7a3448f2de8aab850202) Importer(815301076,1909f56bfc062723c751e8b465ee728b)  -> (artifact id: '8326db541e560036e29122568e58455e') in 0.046910 seconds 
  Import took 0.054645 seconds .

========================================================================
Received Import Request.
  Time since last request: 0.001017 seconds.
  path: Assets/Tree_Textures/normal_specular.png
  artifactKey: Guid(ffa58c36e4774734ba17f4d66ce24469) Importer(815301076,1909f56bfc062723c751e8b465ee728b)
Start importing Assets/Tree_Textures/normal_specular.png using Guid(ffa58c36e4774734ba17f4d66ce24469) Importer(815301076,1909f56bfc062723c751e8b465ee728b)  -> (artifact id: '7d588d36117fd7f03d610fee620839ab') in 0.053827 seconds 
  Import took 0.061850 seconds .

========================================================================
Received Import Request.
  Time since last request: 0.001100 seconds.
  path: Assets/Tree_Textures/translucency_gloss.png
  artifactKey: Guid(396a7801c4c65fb45b8df3820f883b1b) Importer(815301076,1909f56bfc062723c751e8b465ee728b)
Start importing Assets/Tree_Textures/translucency_gloss.png using Guid(396a7801c4c65fb45b8df3820f883b1b) Importer(815301076,1909f56bfc062723c751e8b465ee728b)  -> (artifact id: '4bad288168fe153a539b79c2783ed94b') in 0.044493 seconds 
  Import took 0.056739 seconds .

========================================================================
Received Import Request.
  Time since last request: 30.519464 seconds.
  path: Assets/Tree_Textures/shadow.png
  artifactKey: Guid(8778f27dd4ec4d14a8ba148238f460d4) Importer(815301076,1909f56bfc062723c751e8b465ee728b)
Start importing Assets/Tree_Textures/shadow.png using Guid(8778f27dd4ec4d14a8ba148238f460d4) Importer(815301076,1909f56bfc062723c751e8b465ee728b)  -> (artifact id: '5dbf0f7e4793945d54a7cea84070223c') in 0.019104 seconds 
  Import took 0.023822 seconds .

========================================================================
Received Import Request.
  Time since last request: 54.784426 seconds.
  path: Assets/Tree.prefab
  artifactKey: Guid(4a362f40e94753c4ba153d70a69742b2) Importer(815301076,1909f56bfc062723c751e8b465ee728b)
Start importing Assets/Tree.prefab using Guid(4a362f40e94753c4ba153d70a69742b2) Importer(815301076,1909f56bfc062723c751e8b465ee728b)  -> (artifact id: 'a68da0c6f0d80904981f700ab0e9ae72') in 0.325264 seconds 
  Import took 0.328933 seconds .

========================================================================
Received Import Request.
  Time since last request: 19.762467 seconds.
  path: Assets/Tree.prefab
  artifactKey: Guid(4a362f40e94753c4ba153d70a69742b2) Importer(815301076,1909f56bfc062723c751e8b465ee728b)
Start importing Assets/Tree.prefab using Guid(4a362f40e94753c4ba153d70a69742b2) Importer(815301076,1909f56bfc062723c751e8b465ee728b)  -> (artifact id: 'cb00152c1d322a6ad093a765ba8b80e2') in 0.117448 seconds 
  Import took 0.127186 seconds .

========================================================================
Received Import Request.
  Time since last request: 139.127424 seconds.
  path: Assets/Tree.prefab
  artifactKey: Guid(4a362f40e94753c4ba153d70a69742b2) Importer(815301076,1909f56bfc062723c751e8b465ee728b)
Start importing Assets/Tree.prefab using Guid(4a362f40e94753c4ba153d70a69742b2) Importer(815301076,1909f56bfc062723c751e8b465ee728b)  -> (artifact id: 'f5621762dcd5efc15e191e2465f37bcf') in 0.048641 seconds 
  Import took 0.052244 seconds .

========================================================================
Received Import Request.
  Time since last request: 285.150754 seconds.
  path: Assets/Tree 1.prefab
  artifactKey: Guid(9e2f7c312be90ad4a8478bd900af14c8) Importer(815301076,1909f56bfc062723c751e8b465ee728b)
Start importing Assets/Tree 1.prefab using Guid(9e2f7c312be90ad4a8478bd900af14c8) Importer(815301076,1909f56bfc062723c751e8b465ee728b)  -> (artifact id: '7f7cd119420c5f570d91375bc07d9efc') in 0.046049 seconds 
  Import took 0.051810 seconds .

========================================================================
Received Import Request.
  Time since last request: 18.549461 seconds.
  path: Assets/Tree.prefab
  artifactKey: Guid(4a362f40e94753c4ba153d70a69742b2) Importer(815301076,1909f56bfc062723c751e8b465ee728b)
Start importing Assets/Tree.prefab using Guid(4a362f40e94753c4ba153d70a69742b2) Importer(815301076,1909f56bfc062723c751e8b465ee728b)  -> (artifact id: 'f93dfb53f622d3833230627f3f74a89b') in 0.097941 seconds 
  Import took 0.103474 seconds .

========================================================================
Received Import Request.
  Time since last request: 15.166186 seconds.
  path: Assets/Tree 1.prefab
  artifactKey: Guid(9e2f7c312be90ad4a8478bd900af14c8) Importer(815301076,1909f56bfc062723c751e8b465ee728b)
Start importing Assets/Tree 1.prefab using Guid(9e2f7c312be90ad4a8478bd900af14c8) Importer(815301076,1909f56bfc062723c751e8b465ee728b)  -> (artifact id: '30b72d8a0d799fdb29626be271677bb5') in 0.040700 seconds 
  Import took 0.047546 seconds .

========================================================================
Received Import Request.
  Time since last request: 6.551994 seconds.
  path: Assets/Tree Variant.prefab
  artifactKey: Guid(343860c3ca045f941a69be7d2b7f1758) Importer(815301076,1909f56bfc062723c751e8b465ee728b)
Start importing Assets/Tree Variant.prefab using Guid(343860c3ca045f941a69be7d2b7f1758) Importer(815301076,1909f56bfc062723c751e8b465ee728b)  -> (artifact id: '4a76c9853a8d2fd60b3aae91d185cf6a') in 0.046439 seconds 
  Import took 0.053262 seconds .

========================================================================
Received Import Request.
  Time since last request: 230.897199 seconds.
  path: Assets/Tree 1.prefab
  artifactKey: Guid(9e2f7c312be90ad4a8478bd900af14c8) Importer(815301076,1909f56bfc062723c751e8b465ee728b)
Start importing Assets/Tree 1.prefab using Guid(9e2f7c312be90ad4a8478bd900af14c8) Importer(815301076,1909f56bfc062723c751e8b465ee728b)  -> (artifact id: 'f6706418109afe2edee60625ed5b75bd') in 0.048383 seconds 
  Import took 0.055064 seconds .

========================================================================
Received Import Request.
  Time since last request: 195.305143 seconds.
  path: Assets/Image
  artifactKey: Guid(794aa37d2a3ffcd419a0f73ca3a1b044) Importer(815301076,1909f56bfc062723c751e8b465ee728b)
Start importing Assets/Image using Guid(794aa37d2a3ffcd419a0f73ca3a1b044) Importer(815301076,1909f56bfc062723c751e8b465ee728b)  -> (artifact id: '52df4a73887257ec4b061ab129cbb599') in 0.034331 seconds 
  Import took 0.045556 seconds .

========================================================================
Received Import Request.
  Time since last request: 0.938092 seconds.
  path: Assets/Image/Grass
  artifactKey: Guid(bb698c8102068e04ea097c4f89c9a9eb) Importer(815301076,1909f56bfc062723c751e8b465ee728b)
Start importing Assets/Image/Grass using Guid(bb698c8102068e04ea097c4f89c9a9eb) Importer(815301076,1909f56bfc062723c751e8b465ee728b)  -> (artifact id: 'db43a5fb5b8af14b1dcd69355a578b87') in 0.035141 seconds 
  Import took 0.041001 seconds .

========================================================================
Received Import Request.
  Time since last request: 18.674779 seconds.
  path: Assets/Image/Grass/grass.png
  artifactKey: Guid(6516b8e35b312b54c991f0a32e5c0a1b) Importer(815301076,1909f56bfc062723c751e8b465ee728b)
Start importing Assets/Image/Grass/grass.png using Guid(6516b8e35b312b54c991f0a32e5c0a1b) Importer(815301076,1909f56bfc062723c751e8b465ee728b)  -> (artifact id: 'd83fa9acf0b32324ff4ce4fb4d92aad9') in 0.029822 seconds 
  Import took 0.033761 seconds .

========================================================================
Received Import Request.
  Time since last request: 46.893531 seconds.
  path: Assets/New Terrain.asset
  artifactKey: Guid(25cc103e96a551f4f8a687a067d97952) Importer(815301076,1909f56bfc062723c751e8b465ee728b)
Start importing Assets/New Terrain.asset using Guid(25cc103e96a551f4f8a687a067d97952) Importer(815301076,1909f56bfc062723c751e8b465ee728b)  -> (artifact id: '56110ba3ae78aca4a19ce08b8ce77143') in 0.030772 seconds 
  Import took 0.037959 seconds .

========================================================================
Received Import Request.
  Time since last request: 220.643022 seconds.
  path: Assets/Tree.prefab
  artifactKey: Guid(4a362f40e94753c4ba153d70a69742b2) Importer(815301076,1909f56bfc062723c751e8b465ee728b)
Start importing Assets/Tree.prefab using Guid(4a362f40e94753c4ba153d70a69742b2) Importer(815301076,1909f56bfc062723c751e8b465ee728b)  -> (artifact id: 'b2911aeda2a76725e3e4572f3da3dad4') in 0.073700 seconds 
  Import took 0.078813 seconds .

========================================================================
Received Import Request.
  Time since last request: 3.091349 seconds.
  path: Assets/Tree 1.prefab
  artifactKey: Guid(9e2f7c312be90ad4a8478bd900af14c8) Importer(815301076,1909f56bfc062723c751e8b465ee728b)
Start importing Assets/Tree 1.prefab using Guid(9e2f7c312be90ad4a8478bd900af14c8) Importer(815301076,1909f56bfc062723c751e8b465ee728b)  -> (artifact id: 'fa961c96f10d40c904334a9e83078ffc') in 0.059452 seconds 
  Import took 0.066978 seconds .

========================================================================
Received Import Request.
  Time since last request: 1363.436735 seconds.
  path: Assets/3D Model/branch.fbx
  artifactKey: Guid(fe9cc445ad83edd4199cb544db0edd8e) Importer(815301076,1909f56bfc062723c751e8b465ee728b)
Start importing Assets/3D Model/branch.fbx using Guid(fe9cc445ad83edd4199cb544db0edd8e) Importer(815301076,1909f56bfc062723c751e8b465ee728b)  -> (artifact id: '6b760c4f440c6860db3d0a593163afcc') in 0.162681 seconds 
  Import took 0.167423 seconds .

========================================================================
Received Import Request.
  Time since last request: 155.184197 seconds.
  path: Assets/3D Model/Grass_Divided.fbx
  artifactKey: Guid(59ffab842aeb79f4ca946b25063f89ba) Importer(815301076,1909f56bfc062723c751e8b465ee728b)
Start importing Assets/3D Model/Grass_Divided.fbx using Guid(59ffab842aeb79f4ca946b25063f89ba) Importer(815301076,1909f56bfc062723c751e8b465ee728b)  -> (artifact id: '961296701db2b774cc86aed73d87ed6d') in 0.309082 seconds 
  Import took 0.314242 seconds .

========================================================================
Received Import Request.
  Time since last request: 66.277240 seconds.
  path: Assets/3D Model/normal_tree.fbx
  artifactKey: Guid(dc3503cc2b8ce264fb2aade7a56d9e61) Importer(815301076,1909f56bfc062723c751e8b465ee728b)
Start importing Assets/3D Model/normal_tree.fbx using Guid(dc3503cc2b8ce264fb2aade7a56d9e61) Importer(815301076,1909f56bfc062723c751e8b465ee728b)  -> (artifact id: 'da05e4885512156a433e345de037f7e8') in 0.277027 seconds 
  Import took 0.281699 seconds .

========================================================================
Received Import Request.
  Time since last request: 56.020461 seconds.
  path: Assets/3D Model/Axe.fbx
  artifactKey: Guid(92fe7b8db7061ba4aa27dbc9e2a6ad16) Importer(815301076,1909f56bfc062723c751e8b465ee728b)
Start importing Assets/3D Model/Axe.fbx using Guid(92fe7b8db7061ba4aa27dbc9e2a6ad16) Importer(815301076,1909f56bfc062723c751e8b465ee728b)  -> (artifact id: 'ce180a44b838690a7cf9241bbfb2a1e7') in 0.062523 seconds 
  Import took 0.068320 seconds .

========================================================================
Received Import Request.
  Time since last request: 0.000499 seconds.
  path: Assets/3D Model/lowPoly_arms_SubMachineGun.fbx
  artifactKey: Guid(99709714a04cc464688e820213fb88b3) Importer(815301076,1909f56bfc062723c751e8b465ee728b)
Start importing Assets/3D Model/lowPoly_arms_SubMachineGun.fbx using Guid(99709714a04cc464688e820213fb88b3) Importer(815301076,1909f56bfc062723c751e8b465ee728b)  -> (artifact id: '2ec001a1c8348a5a94e5e5e1bf2f7f48') in 0.360397 seconds 
  Import took 0.364741 seconds .

========================================================================
Received Import Request.
  Time since last request: 0.000451 seconds.
  path: Assets/3D Model/lowPoly_arms_SubMachineGun2.fbx
  artifactKey: Guid(e56cd10748082b64bb0c18908bbda10e) Importer(815301076,1909f56bfc062723c751e8b465ee728b)
Start importing Assets/3D Model/lowPoly_arms_SubMachineGun2.fbx using Guid(e56cd10748082b64bb0c18908bbda10e) Importer(815301076,1909f56bfc062723c751e8b465ee728b)  -> (artifact id: '7a76df07b8fabdcdeaf335ea962687ee') in 0.237336 seconds 
  Import took 0.241276 seconds .

========================================================================
Received Import Request.
  Time since last request: 0.000292 seconds.
  path: Assets/3D Model/Meat Raw.fbx
  artifactKey: Guid(d29da91e68616594885ae4db9583de32) Importer(815301076,1909f56bfc062723c751e8b465ee728b)
Start importing Assets/3D Model/Meat Raw.fbx using Guid(d29da91e68616594885ae4db9583de32) Importer(815301076,1909f56bfc062723c751e8b465ee728b)  -> (artifact id: '68708e189b075ea3e4dd016afde9e093') in 0.075317 seconds 
  Import took 0.080109 seconds .

========================================================================
Received Import Request.
  Time since last request: 0.000372 seconds.
  path: Assets/3D Model/Pickaxe.fbx
  artifactKey: Guid(2486cd8a54ee1e340b4f397a96e5460f) Importer(815301076,1909f56bfc062723c751e8b465ee728b)
Start importing Assets/3D Model/Pickaxe.fbx using Guid(2486cd8a54ee1e340b4f397a96e5460f) Importer(815301076,1909f56bfc062723c751e8b465ee728b)  -> (artifact id: '028211746b1435c70af6e0c69b42bc11') in 0.200199 seconds 
  Import took 0.205424 seconds .

========================================================================
Received Import Request.
  Time since last request: 0.000662 seconds.
  path: Assets/3D Model/lowPoly_arms_Pickaxe.fbx
  artifactKey: Guid(d914771dc16e24a4ea830609ec475e33) Importer(815301076,1909f56bfc062723c751e8b465ee728b)
Start importing Assets/3D Model/lowPoly_arms_Pickaxe.fbx using Guid(d914771dc16e24a4ea830609ec475e33) Importer(815301076,1909f56bfc062723c751e8b465ee728b)  -> (artifact id: 'ac2e5318b006f7f29b70997dd11a271c') in 0.165859 seconds 
  Import took 0.170766 seconds .

========================================================================
Received Import Request.
  Time since last request: 0.000378 seconds.
  path: Assets/3D Model/Meat Cooked.fbx
  artifactKey: Guid(30519786dd61ff4479a8e37a69d8ac73) Importer(815301076,1909f56bfc062723c751e8b465ee728b)
Start importing Assets/3D Model/Meat Cooked.fbx using Guid(30519786dd61ff4479a8e37a69d8ac73) Importer(815301076,1909f56bfc062723c751e8b465ee728b)  -> (artifact id: 'ed0f9ed08b96758b9715ac72a4292857') in 0.153406 seconds 
  Import took 0.160913 seconds .

========================================================================
Received Import Request.
  Time since last request: 0.000369 seconds.
  path: Assets/3D Model/Foundation.fbx
  artifactKey: Guid(5ba3b6d7c6ecc4446b05b6ee3a531651) Importer(815301076,1909f56bfc062723c751e8b465ee728b)
Start importing Assets/3D Model/Foundation.fbx using Guid(5ba3b6d7c6ecc4446b05b6ee3a531651) Importer(815301076,1909f56bfc062723c751e8b465ee728b)  -> (artifact id: 'f4d5a54a6c50f46ee432176f130e6c41') in 0.166115 seconds 
  Import took 0.173911 seconds .

========================================================================
Received Import Request.
  Time since last request: 0.001388 seconds.
  path: Assets/3D Model/pig.fbx
  artifactKey: Guid(943c6894f4ec74c42b107d713a988a98) Importer(815301076,1909f56bfc062723c751e8b465ee728b)
Start importing Assets/3D Model/pig.fbx using Guid(943c6894f4ec74c42b107d713a988a98) Importer(815301076,1909f56bfc062723c751e8b465ee728b)  -> (artifact id: '79dcc61580cbbab4693eb7b43948560b') in 0.141547 seconds 
  Import took 0.150669 seconds .

========================================================================
Received Import Request.
  Time since last request: 0.000371 seconds.
  path: Assets/3D Model/potion_green.fbx
  artifactKey: Guid(3759d870dc0edbf41b936cdc1b0b13c0) Importer(815301076,1909f56bfc062723c751e8b465ee728b)
Start importing Assets/3D Model/potion_green.fbx using Guid(3759d870dc0edbf41b936cdc1b0b13c0) Importer(815301076,1909f56bfc062723c751e8b465ee728b)  -> (artifact id: '96d2d3f753902fa4e9bb9d300eaacf15') in 0.593760 seconds 
  Import took 0.597808 seconds .

========================================================================
Received Import Request.
  Time since last request: 0.000502 seconds.
  path: Assets/3D Model/potion_yellow.fbx
  artifactKey: Guid(db9e678bccc059943a091a8ffac3bf16) Importer(815301076,1909f56bfc062723c751e8b465ee728b)
Start importing Assets/3D Model/potion_yellow.fbx using Guid(db9e678bccc059943a091a8ffac3bf16) Importer(815301076,1909f56bfc062723c751e8b465ee728b)  -> (artifact id: '4f4322af0598a85028e69a298c48604d') in 0.115451 seconds 
  Import took 0.123400 seconds .

========================================================================
Received Import Request.
  Time since last request: 0.000500 seconds.
  path: Assets/3D Model/Rock_Debris.fbx
  artifactKey: Guid(7e46494bc5f984546a8658acf85ada37) Importer(815301076,1909f56bfc062723c751e8b465ee728b)
Start importing Assets/3D Model/Rock_Debris.fbx using Guid(7e46494bc5f984546a8658acf85ada37) Importer(815301076,1909f56bfc062723c751e8b465ee728b)  -> (artifact id: '093eb905b2feb80959240d47612b2e43') in 0.446282 seconds 
  Import took 0.453739 seconds .

========================================================================
Received Import Request.
  Time since last request: 0.000680 seconds.
  path: Assets/3D Model/rocket_computer.fbx
  artifactKey: Guid(fece5d383f3107d418003208ad213f30) Importer(815301076,1909f56bfc062723c751e8b465ee728b)
Start importing Assets/3D Model/rocket_computer.fbx using Guid(fece5d383f3107d418003208ad213f30) Importer(815301076,1909f56bfc062723c751e8b465ee728b)  -> (artifact id: '980134555118b94221e1c5bc0688979e') in 0.116516 seconds 
  Import took 0.121081 seconds .

========================================================================
Received Import Request.
  Time since last request: 0.000547 seconds.
  path: Assets/3D Model/SubMachineGun.fbx
  artifactKey: Guid(ee3c0e1e7abc41046b4a6909be580696) Importer(815301076,1909f56bfc062723c751e8b465ee728b)
Start importing Assets/3D Model/SubMachineGun.fbx using Guid(ee3c0e1e7abc41046b4a6909be580696) Importer(815301076,1909f56bfc062723c751e8b465ee728b)  -> (artifact id: 'd94788bf1e19cff7d5176aaeee454aa4') in 0.124117 seconds 
  Import took 0.131644 seconds .

========================================================================
Received Import Request.
  Time since last request: 0.000409 seconds.
  path: Assets/3D Model/Stair.fbx
  artifactKey: Guid(16d89d9e0a594e045a41ff995043422f) Importer(815301076,1909f56bfc062723c751e8b465ee728b)
Start importing Assets/3D Model/Stair.fbx using Guid(16d89d9e0a594e045a41ff995043422f) Importer(815301076,1909f56bfc062723c751e8b465ee728b)  -> (artifact id: '91c00f51ae115038b513faee1fe2468c') in 0.129365 seconds 
  Import took 0.134545 seconds .

========================================================================
Received Import Request.
  Time since last request: 0.000506 seconds.
  path: Assets/3D Model/rocket.fbx
  artifactKey: Guid(4aea16474c806bd4ba2b51ca2ef106cd) Importer(815301076,1909f56bfc062723c751e8b465ee728b)
Start importing Assets/3D Model/rocket.fbx using Guid(4aea16474c806bd4ba2b51ca2ef106cd) Importer(815301076,1909f56bfc062723c751e8b465ee728b)  -> (artifact id: 'c3128f67ca664574c64d29e9558e1ee2') in 0.143904 seconds 
  Import took 0.149236 seconds .

========================================================================
Received Import Request.
  Time since last request: 0.000528 seconds.
  path: Assets/3D Model/lowPoly_arms_Basic.fbx
  artifactKey: Guid(e05de3b1dbff63942ad36a3346acba0f) Importer(815301076,1909f56bfc062723c751e8b465ee728b)
Start importing Assets/3D Model/lowPoly_arms_Basic.fbx using Guid(e05de3b1dbff63942ad36a3346acba0f) Importer(815301076,1909f56bfc062723c751e8b465ee728b)  -> (artifact id: 'ca106199f202d14b7fe540d67d6f98a2') in 0.131775 seconds 
  Import took 0.138689 seconds .

========================================================================
Received Import Request.
  Time since last request: 0.000500 seconds.
  path: Assets/3D Model/potion_red.fbx
  artifactKey: Guid(729cea92303a9d144ab293e77c69c645) Importer(815301076,1909f56bfc062723c751e8b465ee728b)
Start importing Assets/3D Model/potion_red.fbx using Guid(729cea92303a9d144ab293e77c69c645) Importer(815301076,1909f56bfc062723c751e8b465ee728b)  -> (artifact id: 'f41bb7b08ce769de73d1a24cb5b46420') in 0.116050 seconds 
  Import took 0.120499 seconds .

========================================================================
Received Import Request.
  Time since last request: 0.000321 seconds.
  path: Assets/3D Model/Pillar.fbx
  artifactKey: Guid(5e2e4ef81aaa45e4b94b0f55eab7d355) Importer(815301076,1909f56bfc062723c751e8b465ee728b)
Start importing Assets/3D Model/Pillar.fbx using Guid(5e2e4ef81aaa45e4b94b0f55eab7d355) Importer(815301076,1909f56bfc062723c751e8b465ee728b)  -> (artifact id: 'fd6c6511d6eb406bcbf8b48abcd5d0a4') in 0.093803 seconds 
  Import took 0.099301 seconds .

========================================================================
Received Import Request.
  Time since last request: 0.004264 seconds.
  path: Assets/3D Model/Rock.fbx
  artifactKey: Guid(f415b7c97d15e04429d735da78a25eba) Importer(815301076,1909f56bfc062723c751e8b465ee728b)
Start importing Assets/3D Model/Rock.fbx using Guid(f415b7c97d15e04429d735da78a25eba) Importer(815301076,1909f56bfc062723c751e8b465ee728b)  -> (artifact id: 'a332cf97e543b2cecf2d014bd3b46125') in 0.107894 seconds 
  Import took 0.117390 seconds .

========================================================================
Received Import Request.
  Time since last request: 0.000432 seconds.
  path: Assets/3D Model/Floor.fbx
  artifactKey: Guid(c26a40b538caf014999e6400baa15724) Importer(815301076,1909f56bfc062723c751e8b465ee728b)
Start importing Assets/3D Model/Floor.fbx using Guid(c26a40b538caf014999e6400baa15724) Importer(815301076,1909f56bfc062723c751e8b465ee728b)  -> (artifact id: '9dffb66e0f9879d477a9b9e7626fb235') in 0.126565 seconds 
  Import took 0.132086 seconds .

========================================================================
Received Import Request.
  Time since last request: 0.000382 seconds.
  path: Assets/3D Model/SubMachineGun2.fbx
  artifactKey: Guid(ab26ea0e149a78543861829b919f1a28) Importer(815301076,1909f56bfc062723c751e8b465ee728b)
Start importing Assets/3D Model/SubMachineGun2.fbx using Guid(ab26ea0e149a78543861829b919f1a28) Importer(815301076,1909f56bfc062723c751e8b465ee728b)  -> (artifact id: '5552911b47f55609bed32104bee6353d') in 0.113191 seconds 
  Import took 0.118491 seconds .

========================================================================
Received Import Request.
  Time since last request: 0.000337 seconds.
  path: Assets/3D Model/leaf.fbx
  artifactKey: Guid(6c3db1d4f72cb714b9a256743506cf0d) Importer(815301076,1909f56bfc062723c751e8b465ee728b)
Start importing Assets/3D Model/leaf.fbx using Guid(6c3db1d4f72cb714b9a256743506cf0d) Importer(815301076,1909f56bfc062723c751e8b465ee728b)  -> (artifact id: '3c72c2b2088fa53f23965e9c17c7cbf1') in 0.086100 seconds 
  Import took 0.094839 seconds .

========================================================================
Received Import Request.
  Time since last request: 0.000778 seconds.
  path: Assets/3D Model/lowPoly_arms_Meat.fbx
  artifactKey: Guid(df0437a19389ba646a601f98d38e0c1d) Importer(815301076,1909f56bfc062723c751e8b465ee728b)
Start importing Assets/3D Model/lowPoly_arms_Meat.fbx using Guid(df0437a19389ba646a601f98d38e0c1d) Importer(815301076,1909f56bfc062723c751e8b465ee728b)  -> (artifact id: '62011434de32e28a265cb59e1f209dd4') in 0.216549 seconds 
  Import took 0.224769 seconds .

========================================================================
Received Import Request.
  Time since last request: 0.000675 seconds.
  path: Assets/3D Model/test.fbx
  artifactKey: Guid(737e21e575921e846a248e77212afc75) Importer(815301076,1909f56bfc062723c751e8b465ee728b)
Start importing Assets/3D Model/test.fbx using Guid(737e21e575921e846a248e77212afc75) Importer(815301076,1909f56bfc062723c751e8b465ee728b)  -> (artifact id: 'd4321ac5395c3ccfd847c329cee5c90f') in 0.124483 seconds 
  Import took 0.133297 seconds .

========================================================================
Received Import Request.
  Time since last request: 0.000334 seconds.
  path: Assets/3D Model/Stair Pillar.fbx
  artifactKey: Guid(8652159742257cf4c8f866cb9ed39e11) Importer(815301076,1909f56bfc062723c751e8b465ee728b)
Start importing Assets/3D Model/Stair Pillar.fbx using Guid(8652159742257cf4c8f866cb9ed39e11) Importer(815301076,1909f56bfc062723c751e8b465ee728b)  -> (artifact id: 'c79a9a6a9520d9efda8c5335c33a9d7a') in 0.095510 seconds 
  Import took 0.102574 seconds .

========================================================================
Received Import Request.
  Time since last request: 0.000707 seconds.
  path: Assets/3D Model/lowPoly_arms_Axe.fbx
  artifactKey: Guid(f65050282973ae04e8df1e8edc938496) Importer(815301076,1909f56bfc062723c751e8b465ee728b)
Start importing Assets/3D Model/lowPoly_arms_Axe.fbx using Guid(f65050282973ae04e8df1e8edc938496) Importer(815301076,1909f56bfc062723c751e8b465ee728b)  -> (artifact id: '527ace3f42dde6b1e98f1dd0e418b6e2') in 0.227226 seconds 
  Import took 0.241856 seconds .

========================================================================
Received Import Request.
  Time since last request: 7.040577 seconds.
  path: Assets/3D Model/tree_debris.fbx
  artifactKey: Guid(cc28b7dba17df584f88fffc58d89df2f) Importer(815301076,1909f56bfc062723c751e8b465ee728b)
Start importing Assets/3D Model/tree_debris.fbx using Guid(cc28b7dba17df584f88fffc58d89df2f) Importer(815301076,1909f56bfc062723c751e8b465ee728b)  -> (artifact id: '3681172fd810b5571450ccd2d8b88a8c') in 0.421397 seconds 
  Import took 0.426371 seconds .

========================================================================
Received Import Request.
  Time since last request: 0.000493 seconds.
  path: Assets/3D Model/twig.fbx
  artifactKey: Guid(3c1ac930136d817479bbbca5f8c63193) Importer(815301076,1909f56bfc062723c751e8b465ee728b)
Start importing Assets/3D Model/twig.fbx using Guid(3c1ac930136d817479bbbca5f8c63193) Importer(815301076,1909f56bfc062723c751e8b465ee728b)  -> (artifact id: '631f524b3cd79ae05acc5ffb95019ce5') in 0.091189 seconds 
  Import took 0.099803 seconds .

========================================================================
Received Import Request.
  Time since last request: 0.000732 seconds.
  path: Assets/3D Model/WoodWall.fbx
  artifactKey: Guid(9225654103ed2a64495fffb88aed30a8) Importer(815301076,1909f56bfc062723c751e8b465ee728b)
Start importing Assets/3D Model/WoodWall.fbx using Guid(9225654103ed2a64495fffb88aed30a8) Importer(815301076,1909f56bfc062723c751e8b465ee728b)  -> (artifact id: '849da54fe8c247a49b2e694b126855ca') in 0.119619 seconds 
  Import took 0.125429 seconds .

========================================================================
Received Import Request.
  Time since last request: 0.000562 seconds.
  path: Assets/3D Model/wood.fbx
  artifactKey: Guid(6a716c497a68f124596c52ef26fef7ea) Importer(815301076,1909f56bfc062723c751e8b465ee728b)
Start importing Assets/3D Model/wood.fbx using Guid(6a716c497a68f124596c52ef26fef7ea) Importer(815301076,1909f56bfc062723c751e8b465ee728b)  -> (artifact id: '4e4da93d05eede1f8bb34b1b105ac57e') in 0.162648 seconds 
  Import took 0.167381 seconds .

========================================================================
Received Import Request.
  Time since last request: 0.000516 seconds.
  path: Assets/3D Model/Wall.fbx
  artifactKey: Guid(99f978d5e64cffb4c808d13168ca614a) Importer(815301076,1909f56bfc062723c751e8b465ee728b)
Start importing Assets/3D Model/Wall.fbx using Guid(99f978d5e64cffb4c808d13168ca614a) Importer(815301076,1909f56bfc062723c751e8b465ee728b)  -> (artifact id: 'd7a3e3f814a9f8802371996a0f9faed5') in 0.075652 seconds 
  Import took 0.082737 seconds .

========================================================================
Received Prepare
Registering precompiled user dll's ...
Registered in 0.033336 seconds.
Begin MonoManager ReloadAssembly
Native extension for WindowsStandalone target not found
Refreshing native plugins compatible for Editor in 1.01 ms, found 2 plugins.
Preloading 0 native plugins for Editor in 0.00 ms.
Mono: successfully reloaded assembly
- Completed reload, in  2.766 seconds
Domain Reload Profiling:
	ReloadAssembly (2784ms)
		BeginReloadAssembly (591ms)
			ExecutionOrderSort (0ms)
			DisableScriptedObjects (48ms)
			BackupInstance (0ms)
			ReleaseScriptingObjects (0ms)
			CreateAndSetChildDomain (267ms)
		EndReloadAssembly (2025ms)
			LoadAssemblies (271ms)
			RebuildTransferFunctionScriptingTraits (0ms)
			SetupTypeCache (704ms)
			ReleaseScriptCaches (1ms)
			RebuildScriptCaches (87ms)
			SetupLoadedEditorAssemblies (765ms)
				LogAssemblyErrors (0ms)
				InitializePlatformSupportModulesInManaged (13ms)
				SetLoadedEditorAssemblies (2ms)
				RefreshPlugins (1ms)
				BeforeProcessingInitializeOnLoad (234ms)
				ProcessInitializeOnLoadAttributes (458ms)
				ProcessInitializeOnLoadMethodAttributes (18ms)
				AfterProcessingInitializeOnLoad (39ms)
				EditorAssembliesLoaded (1ms)
			ExecutionOrderSort2 (0ms)
			AwakeInstancesAfterBackupRestoration (30ms)
Platform modules already initialized, skipping
Refreshing native plugins compatible for Editor in 0.43 ms, found 2 plugins.
Preloading 0 native plugins for Editor in 0.00 ms.
Unloading 1493 Unused Serialized files (Serialized files now loaded: 0)
System memory in use before: 101.9 MB.
System memory in use after: 102.0 MB.

Unloading 15 unused Assets to reduce memory usage. Loaded Objects now: 2014.
Total: 5.008600 ms (FindLiveObjects: 0.290000 ms CreateObjectMapping: 0.088500 ms MarkObjects: 4.560800 ms  DeleteObjects: 0.067400 ms)

AssetImportParameters requested are different than current active one (requested -> active):
  custom:framework-win-MediaFoundation: 216162199b28c13a410421893ffa2e32 -> 
  custom:video-decoder-ogg-theora: a1e56fd34408186e4bbccfd4996cb3dc -> 
  custom:container-muxer-webm: aa71ff27fc2769a1b78a27578f13a17b -> 
  custom:container-demuxer-webm: 4f35f7cbe854078d1ac9338744f61a02 -> 
  custom:container-demuxer-ogg: 62fdf1f143b41e24485cea50d1cbac27 -> 
  custom:video-encoder-webm-vp8: eb34c28f22e8b96e1ab97ce403110664 -> 
  custom:video-decoder-webm-vp8: 9c59270c3fd7afecdb556c50c9e8de78 -> 
  custom:audio-decoder-ogg-vorbis: bf7c407c2cedff20999df2af8eb42d56 -> 
  custom:audio-encoder-webm-vorbis: bf7c407c2cedff20999df2af8eb42d56 -> 
========================================================================
Received Prepare
Registering precompiled user dll's ...
Registered in 0.024374 seconds.
Begin MonoManager ReloadAssembly
Native extension for WindowsStandalone target not found
Refreshing native plugins compatible for Editor in 1.80 ms, found 2 plugins.
Preloading 0 native plugins for Editor in 0.00 ms.
Mono: successfully reloaded assembly
- Completed reload, in  5.384 seconds
Domain Reload Profiling:
	ReloadAssembly (5386ms)
		BeginReloadAssembly (632ms)
			ExecutionOrderSort (0ms)
			DisableScriptedObjects (33ms)
			BackupInstance (0ms)
			ReleaseScriptingObjects (0ms)
			CreateAndSetChildDomain (116ms)
		EndReloadAssembly (4322ms)
			LoadAssemblies (673ms)
			RebuildTransferFunctionScriptingTraits (0ms)
			SetupTypeCache (1463ms)
			ReleaseScriptCaches (2ms)
			RebuildScriptCaches (160ms)
			SetupLoadedEditorAssemblies (1777ms)
				LogAssemblyErrors (0ms)
				InitializePlatformSupportModulesInManaged (34ms)
				SetLoadedEditorAssemblies (2ms)
				RefreshPlugins (2ms)
				BeforeProcessingInitializeOnLoad (525ms)
				ProcessInitializeOnLoadAttributes (1100ms)
				ProcessInitializeOnLoadMethodAttributes (48ms)
				AfterProcessingInitializeOnLoad (66ms)
				EditorAssembliesLoaded (1ms)
			ExecutionOrderSort2 (0ms)
			AwakeInstancesAfterBackupRestoration (30ms)
Platform modules already initialized, skipping
Refreshing native plugins compatible for Editor in 0.67 ms, found 2 plugins.
Preloading 0 native plugins for Editor in 0.00 ms.
Unloading 1493 Unused Serialized files (Serialized files now loaded: 0)
System memory in use before: 101.9 MB.
System memory in use after: 102.0 MB.

Unloading 14 unused Assets to reduce memory usage. Loaded Objects now: 2016.
Total: 8.900300 ms (FindLiveObjects: 0.831800 ms CreateObjectMapping: 0.954600 ms MarkObjects: 7.032100 ms  DeleteObjects: 0.077000 ms)

AssetImportParameters requested are different than current active one (requested -> active):
  custom:framework-win-MediaFoundation: 216162199b28c13a410421893ffa2e32 -> 
  custom:video-decoder-ogg-theora: a1e56fd34408186e4bbccfd4996cb3dc -> 
  custom:container-muxer-webm: aa71ff27fc2769a1b78a27578f13a17b -> 
  custom:container-demuxer-webm: 4f35f7cbe854078d1ac9338744f61a02 -> 
  custom:container-demuxer-ogg: 62fdf1f143b41e24485cea50d1cbac27 -> 
  custom:video-encoder-webm-vp8: eb34c28f22e8b96e1ab97ce403110664 -> 
  custom:video-decoder-webm-vp8: 9c59270c3fd7afecdb556c50c9e8de78 -> 
  custom:audio-decoder-ogg-vorbis: bf7c407c2cedff20999df2af8eb42d56 -> 
  custom:audio-encoder-webm-vorbis: bf7c407c2cedff20999df2af8eb42d56 -> 
========================================================================
Received Prepare
Registering precompiled user dll's ...
Registered in 0.026868 seconds.
Begin MonoManager ReloadAssembly
Native extension for WindowsStandalone target not found
Refreshing native plugins compatible for Editor in 0.56 ms, found 2 plugins.
Preloading 0 native plugins for Editor in 0.00 ms.
Mono: successfully reloaded assembly
- Completed reload, in  1.834 seconds
Domain Reload Profiling:
	ReloadAssembly (1835ms)
		BeginReloadAssembly (269ms)
			ExecutionOrderSort (0ms)
			DisableScriptedObjects (11ms)
			BackupInstance (0ms)
			ReleaseScriptingObjects (0ms)
			CreateAndSetChildDomain (61ms)
		EndReloadAssembly (1442ms)
			LoadAssemblies (239ms)
			RebuildTransferFunctionScriptingTraits (0ms)
			SetupTypeCache (469ms)
			ReleaseScriptCaches (1ms)
			RebuildScriptCaches (68ms)
			SetupLoadedEditorAssemblies (559ms)
				LogAssemblyErrors (0ms)
				InitializePlatformSupportModulesInManaged (8ms)
				SetLoadedEditorAssemblies (1ms)
				RefreshPlugins (1ms)
				BeforeProcessingInitializeOnLoad (164ms)
				ProcessInitializeOnLoadAttributes (339ms)
				ProcessInitializeOnLoadMethodAttributes (17ms)
				AfterProcessingInitializeOnLoad (29ms)
				EditorAssembliesLoaded (0ms)
			ExecutionOrderSort2 (0ms)
			AwakeInstancesAfterBackupRestoration (12ms)
Platform modules already initialized, skipping
Refreshing native plugins compatible for Editor in 0.66 ms, found 2 plugins.
Preloading 0 native plugins for Editor in 0.00 ms.
Unloading 1493 Unused Serialized files (Serialized files now loaded: 0)
System memory in use before: 101.9 MB.
System memory in use after: 102.0 MB.

Unloading 14 unused Assets to reduce memory usage. Loaded Objects now: 2018.
Total: 3.525100 ms (FindLiveObjects: 0.327800 ms CreateObjectMapping: 0.049200 ms MarkObjects: 3.095800 ms  DeleteObjects: 0.051200 ms)

AssetImportParameters requested are different than current active one (requested -> active):
  custom:framework-win-MediaFoundation: 216162199b28c13a410421893ffa2e32 -> 
  custom:video-decoder-ogg-theora: a1e56fd34408186e4bbccfd4996cb3dc -> 
  custom:container-muxer-webm: aa71ff27fc2769a1b78a27578f13a17b -> 
  custom:container-demuxer-webm: 4f35f7cbe854078d1ac9338744f61a02 -> 
  custom:container-demuxer-ogg: 62fdf1f143b41e24485cea50d1cbac27 -> 
  custom:video-encoder-webm-vp8: eb34c28f22e8b96e1ab97ce403110664 -> 
  custom:video-decoder-webm-vp8: 9c59270c3fd7afecdb556c50c9e8de78 -> 
  custom:audio-decoder-ogg-vorbis: bf7c407c2cedff20999df2af8eb42d56 -> 
  custom:audio-encoder-webm-vorbis: bf7c407c2cedff20999df2af8eb42d56 -> 
========================================================================
Received Import Request.
  Time since last request: 298.210738 seconds.
  path: Assets/New Terrain.asset
  artifactKey: Guid(25cc103e96a551f4f8a687a067d97952) Importer(815301076,1909f56bfc062723c751e8b465ee728b)
Start importing Assets/New Terrain.asset using Guid(25cc103e96a551f4f8a687a067d97952) Importer(815301076,1909f56bfc062723c751e8b465ee728b)  -> (artifact id: 'fa67e33e4595c5d75d5c0c04b754a07b') in 0.066828 seconds 
  Import took 0.074228 seconds .

========================================================================
Received Prepare
Registering precompiled user dll's ...
Registered in 0.024430 seconds.
Begin MonoManager ReloadAssembly
Native extension for WindowsStandalone target not found
Refreshing native plugins compatible for Editor in 0.37 ms, found 2 plugins.
Preloading 0 native plugins for Editor in 0.00 ms.
Mono: successfully reloaded assembly
- Completed reload, in  1.941 seconds
Domain Reload Profiling:
	ReloadAssembly (1942ms)
		BeginReloadAssembly (314ms)
			ExecutionOrderSort (0ms)
			DisableScriptedObjects (12ms)
			BackupInstance (0ms)
			ReleaseScriptingObjects (0ms)
			CreateAndSetChildDomain (53ms)
		EndReloadAssembly (1496ms)
			LoadAssemblies (290ms)
			RebuildTransferFunctionScriptingTraits (0ms)
			SetupTypeCache (437ms)
			ReleaseScriptCaches (1ms)
			RebuildScriptCaches (53ms)
			SetupLoadedEditorAssemblies (653ms)
				LogAssemblyErrors (0ms)
				InitializePlatformSupportModulesInManaged (7ms)
				SetLoadedEditorAssemblies (1ms)
				RefreshPlugins (0ms)
				BeforeProcessingInitializeOnLoad (174ms)
				ProcessInitializeOnLoadAttributes (404ms)
				ProcessInitializeOnLoadMethodAttributes (28ms)
				AfterProcessingInitializeOnLoad (39ms)
				EditorAssembliesLoaded (1ms)
			ExecutionOrderSort2 (0ms)
			AwakeInstancesAfterBackupRestoration (13ms)
Platform modules already initialized, skipping
Refreshing native plugins compatible for Editor in 0.48 ms, found 2 plugins.
Preloading 0 native plugins for Editor in 0.00 ms.
Unloading 1493 Unused Serialized files (Serialized files now loaded: 0)
System memory in use before: 101.9 MB.
System memory in use after: 102.0 MB.

Unloading 14 unused Assets to reduce memory usage. Loaded Objects now: 2020.
Total: 3.556500 ms (FindLiveObjects: 0.195000 ms CreateObjectMapping: 0.057700 ms MarkObjects: 3.277800 ms  DeleteObjects: 0.024600 ms)

AssetImportParameters requested are different than current active one (requested -> active):
  custom:framework-win-MediaFoundation: 216162199b28c13a410421893ffa2e32 -> 
  custom:video-decoder-ogg-theora: a1e56fd34408186e4bbccfd4996cb3dc -> 
  custom:container-muxer-webm: aa71ff27fc2769a1b78a27578f13a17b -> 
  custom:container-demuxer-webm: 4f35f7cbe854078d1ac9338744f61a02 -> 
  custom:container-demuxer-ogg: 62fdf1f143b41e24485cea50d1cbac27 -> 
  custom:video-encoder-webm-vp8: eb34c28f22e8b96e1ab97ce403110664 -> 
  custom:video-decoder-webm-vp8: 9c59270c3fd7afecdb556c50c9e8de78 -> 
  custom:audio-decoder-ogg-vorbis: bf7c407c2cedff20999df2af8eb42d56 -> 
  custom:audio-encoder-webm-vorbis: bf7c407c2cedff20999df2af8eb42d56 -> 
========================================================================
Received Import Request.
  Time since last request: 422.871382 seconds.
  path: Assets/New Terrain.asset
  artifactKey: Guid(25cc103e96a551f4f8a687a067d97952) Importer(815301076,1909f56bfc062723c751e8b465ee728b)
Start importing Assets/New Terrain.asset using Guid(25cc103e96a551f4f8a687a067d97952) Importer(815301076,1909f56bfc062723c751e8b465ee728b)  -> (artifact id: 'b3f3f4b924363a564374d4625cded781') in 0.122045 seconds 
  Import took 0.129533 seconds .

AssetImportWorkerClient::OnTransportError - code=2 error=End of file
